<?xml version="1.0" encoding="utf-8"?><testsuites name="pytest tests"><testsuite name="pytest" errors="0" failures="0" skipped="0" tests="10" time="1.178" timestamp="2026-06-27T14:16:53.925318+00:00" hostname="agent-env-576a4ffc-5c43-4646-8607-ae97597e3ff7"><testcase classname="backend.tests.test_arrow_maze_api.TestHealth" name="test_root_ok" time="0.265" /><testcase classname="backend.tests.test_arrow_maze_api.TestPlayers" name="test_create_player_returns_id_and_name" time="0.048" /><testcase classname="backend.tests.test_arrow_maze_api.TestPlayers" name="test_create_player_idempotent_same_name" time="0.113" /><testcase classname="backend.tests.test_arrow_maze_api.TestPlayers" name="test_create_player_rejects_empty" time="0.044" /><testcase classname="backend.tests.test_arrow_maze_api.TestPlayers" name="test_get_player_unknown_returns_404" time="0.047" /><testcase classname="backend.tests.test_arrow_maze_api.TestScores" name="test_submit_score_all_fields" time="0.090" /><testcase classname="backend.tests.test_arrow_maze_api.TestScores" name="test_submit_multiple_and_leaderboard_sorted" time="0.179" /><testcase classname="backend.tests.test_arrow_maze_api.TestScores" name="test_global_leaderboard" time="0.044" /><testcase classname="backend.tests.test_arrow_maze_api.TestStats" name="test_stats_aggregates_correctly" time="0.227" /><testcase classname="backend.tests.test_arrow_maze_api.TestStats" name="test_stats_unknown_player_404" time="0.045" /></testsuite></testsuites>